


ARM Macro Assembler    Page 1 


    1 00000000         ; LCD.s
    2 00000000         ; Student names: change this to your names or look very 
                       silly
    3 00000000         ; Last modification date: change this to the last modifi
                       cation date or look very silly
    4 00000000         
    5 00000000         ; Runs on LM4F120/TM4C123
    6 00000000         ; Use SSI0 to send an 8-bit code to the ST7735 160x128 p
                       ixel LCD.
    7 00000000         
    8 00000000         ; As part of Lab 7, students need to implement these LCD
                       _WriteCommand and LCD_WriteData
    9 00000000         ; This driver assumes two low-level LCD functions
   10 00000000         
   11 00000000         ; Backlight (pin 10) connected to +3.3 V
   12 00000000         ; MISO (pin 9) unconnected
   13 00000000         ; SCK (pin 8) connected to PA2 (SSI0Clk)
   14 00000000         ; MOSI (pin 7) connected to PA5 (SSI0Tx)
   15 00000000         ; TFT_CS (pin 6) connected to PA3 (SSI0Fss)
   16 00000000         ; CARD_CS (pin 5) unconnected
   17 00000000         ; Data/Command (pin 4) connected to PA6 (GPIO)
   18 00000000         ; RESET (pin 3) connected to PA7 (GPIO)
   19 00000000         ; VCC (pin 2) connected to +3.3 V
   20 00000000         ; Gnd (pin 1) connected to ground
   21 00000000         
   22 00000000 400043FC 
                       GPIO_PORTA_DATA_R
                               EQU              0x400043FC
   23 00000000 40004100 
                       DC      EQU              0x40004100
   24 00000000 00000000 
                       DC_COMMAND
                               EQU              0
   25 00000000 00000040 
                       DC_DATA EQU              0x40
   26 00000000 40008008 
                       SSI0_DR_R
                               EQU              0x40008008
   27 00000000 4000800C 
                       SSI0_SR_R
                               EQU              0x4000800C
   28 00000000 00000004 
                       SSI_SR_RNE
                               EQU              0x00000004  ; SSI Receive FIFO 
                                                            Not Empty
   29 00000000 00000010 
                       SSI_SR_BSY
                               EQU              0x00000010  ; SSI Busy Bit
   30 00000000 00000002 
                       SSI_SR_TNF
                               EQU              0x00000002  ; SSI Transmit FIFO
                                                             Not Full
   31 00000000         
   32 00000000                 EXPORT           writecommand
   33 00000000                 EXPORT           writedata
   34 00000000         
   35 00000000                 AREA             |.text|, CODE, READONLY, ALIGN=
2
   36 00000000                 THUMB



ARM Macro Assembler    Page 2 


   37 00000000                 ALIGN
   38 00000000         
   39 00000000         ; The Data/Command pin must be valid when the eighth bit
                        is
   40 00000000         ; sent.  The SSI module has hardware input and output FI
                       FOs
   41 00000000         ; that are 8 locations deep.  Based on the observation t
                       hat
   42 00000000         ; the LCD interface tends to send a few commands and the
                       n a
   43 00000000         ; lot of data, the FIFOs are not used when writing
   44 00000000         ; commands, and they are used when writing data.  This
   45 00000000         ; ensures that the Data/Command pin status matches the b
                       yte
   46 00000000         ; that is actually being transmitted.
   47 00000000         ; The write command operation waits until all data has b
                       een
   48 00000000         ; sent, configures the Data/Command pin for commands, se
                       nds
   49 00000000         ; the command, and then waits for the transmission to
   50 00000000         ; finish.
   51 00000000         ; The write data operation waits until there is room in 
                       the
   52 00000000         ; transmit FIFO, configures the Data/Command pin for dat
                       a,
   53 00000000         ; and then adds the data to the transmit FIFO.
   54 00000000         ; NOTE: These functions will crash or stall indefinitely
                        if
   55 00000000         ; the SSI0 module is not initialized and enabled.
   56 00000000         
   57 00000000         ; This is a helper function that sends an 8-bit command 
                       to the LCD.
   58 00000000         ; Input: R0  8-bit command to transmit
   59 00000000         ; Output: none
   60 00000000         ; Assumes: SSI0 and port A have already been initialized
                        and enabled
   61 00000000         writecommand
   62 00000000         ;1) Read SSI0_SR_R and check bit 4, 
   63 00000000         ;2) If bit 4 is high, loop back to step 1 (wait for BUSY
                        bit to be low)
   64 00000000         ;3) Clear D/C=PA6 to zero
   65 00000000         ;4) Write the command to SSI0_DR_R
   66 00000000         ;5) Read SSI0_SR_R and check bit 4, 
   67 00000000         ;6) If bit 4 is high, loop back to step 5 (wait for BUSY
                        bit to be low)
   68 00000000         
   69 00000000 B510            PUSH             {R4,LR}
   70 00000002         
   71 00000002         Busy1
   72 00000002 4A17            LDR              R2,=SSI0_SR_R
   73 00000004 6811            LDR              R1,[R2]
   74 00000006         ;BIC R1,R1,#0xFFFFFFF7
   75 00000006         ;LSR R1,#3    ;isolate bit 4 of SSIO_SR_R, move to bit 1
                       
   76 00000006         
   77 00000006 F04F 0410       LDR              R4,=SSI_SR_BSY
   78 0000000A         ;LDR R3,[R4]
   79 0000000A         ;AND R1,R1,R3
   80 0000000A         ;CMP R1,R3



ARM Macro Assembler    Page 3 


   81 0000000A EA01 0104       AND              R1,R1,R4
   82 0000000E 42A1            CMP              R1,R4
   83 00000010         
   84 00000010         ;CMP R1,#1
   85 00000010         
   86 00000010 D0F7            BEQ              Busy1       ;loop if 1 (busy)
   87 00000012         
   88 00000012         ;clear D/C = PA6 to zero
   89 00000012 4A14            LDR              R2,=GPIO_PORTA_DATA_R
   90 00000014 6811            LDR              R1,[R2]
   91 00000016 F021 0140       AND              R1,#0xFFFFFFBF ; clear PA6 (bit
                                                             7) to 0
   92 0000001A 6011            STR              R1,[R2]
   93 0000001C         
   94 0000001C         ;4)write command SSI0_DR_R
   95 0000001C 4A12            LDR              R2,=SSI0_DR_R
   96 0000001E 6811            LDR              R1,[R2]
   97 00000020 7010            STRB             R0,[R2]
   98 00000022         
   99 00000022         Busy2
  100 00000022 4A0F            LDR              R2,=SSI0_SR_R
  101 00000024 6811            LDR              R1,[R2]
  102 00000026         
  103 00000026 F04F 0410       LDR              R4,=SSI_SR_BSY
  104 0000002A EA01 0104       AND              R1,R1,R4    ;isolate bit 4 of S
                                                            SIO_SR_R
  105 0000002E 42A1            CMP              R1,R4
  106 00000030 D0F7            BEQ              Busy2       ;loop if 1 (busy)
  107 00000032         
  108 00000032 E8BD 4010       POP              {R4,LR}
  109 00000036         
  110 00000036 4770            BX               LR          ;   return
  111 00000038         
  112 00000038         ; This is a helper function that sends an 8-bit data to 
                       the LCD.
  113 00000038         ; Input: R0  8-bit data to transmit
  114 00000038         ; Output: none
  115 00000038         ; Assumes: SSI0 and port A have already been initialized
                        and enabled
  116 00000038         writedata
  117 00000038         ;1) Read SSI0_SR_R and check bit 1, 
  118 00000038         ;2) If bit 1 is low loop back to step 1 (wait for TNF bi
                       t to be high)
  119 00000038         ;3) Set D/C=PA6 to one
  120 00000038         ;4) Write the 8-bit data to SSI0_DR_R
  121 00000038         
  122 00000038 B510            PUSH             {R4,LR}
  123 0000003A         
  124 0000003A         TNF_loop
  125 0000003A 4A09            LDR              R2,=SSI0_SR_R
  126 0000003C 6811            LDR              R1,[R2]
  127 0000003E         
  128 0000003E F04F 0402       LDR              R4,=SSI_SR_TNF
  129 00000042 EA01 0104       AND              R1,R1,R4    ;isolate bit 1
  130 00000046 42A1            CMP              R1,R4
  131 00000048 D1F7            BNE              TNF_loop    ;loop if bit 1 is 0
                                                             (low)
  132 0000004A         
  133 0000004A         ;set D/C = PA6 to one



ARM Macro Assembler    Page 4 


  134 0000004A         
  135 0000004A 4A06            LDR              R2, =GPIO_PORTA_DATA_R
  136 0000004C 6811            LDR              R1,[R2]
  137 0000004E F041 0140       ORR              R1,#0x40
  138 00000052 6011            STR              R1,[R2]
  139 00000054         
  140 00000054         ;4) Write the 8-bit data to SSI0_DR_R
  141 00000054 4A04            LDR              R2,=SSI0_DR_R
  142 00000056 6811            LDR              R1,[R2]
  143 00000058 7010            STRB             R0,[R2]
  144 0000005A         
  145 0000005A E8BD 4010       POP              {R4,LR}
  146 0000005E         
  147 0000005E 4770            BX               LR          ;   return
  148 00000060         
  149 00000060         
  150 00000060         ;***************************************************
  151 00000060         ; This is a library for the Adafruit 1.8" SPI display.
  152 00000060         ; This library works with the Adafruit 1.8" TFT Breakout
                        w/SD card
  153 00000060         ; ----> http://www.adafruit.com/products/358
  154 00000060         ; as well as Adafruit raw 1.8" TFT display
  155 00000060         ; ----> http://www.adafruit.com/products/618
  156 00000060         ;
  157 00000060         ; Check out the links above for our tutorials and wiring
                        diagrams
  158 00000060         ; These displays use SPI to communicate, 4 or 5 pins are
                        required to
  159 00000060         ; interface (RST is optional)
  160 00000060         ; Adafruit invests time and resources providing this ope
                       n source code,
  161 00000060         ; please support Adafruit and open-source hardware by pu
                       rchasing
  162 00000060         ; products from Adafruit!
  163 00000060         ;
  164 00000060         ; Written by Limor Fried/Ladyada for Adafruit Industries
                       .
  165 00000060         ; MIT license, all text above must be included in any re
                       distribution
  166 00000060         ;****************************************************
  167 00000060         
  168 00000060                 ALIGN                        ; make sure the end
                                                             of this section is
                                                             aligned
  169 00000060                 END                          ; end of file
              4000800C 
              400043FC 
              40008008 
Command Line: --debug --xref --cpu=Cortex-M4 --apcs=interwork --depend=.\lcd.d 
-o.\lcd.o -IC:\Keil\ARM\RV31\INC -IC:\Keil\ARM\CMSIS\Include -IC:\Keil\ARM\Inc\
Luminary --list=.\lcd.lst LCD.s



ARM Macro Assembler    Page 1 Alphabetic symbol ordering
Relocatable symbols

.text 00000000

Symbol: .text
   Definitions
      At line 35 in file LCD.s
   Uses
      None
Comment: .text unused
Busy1 00000002

Symbol: Busy1
   Definitions
      At line 71 in file LCD.s
   Uses
      At line 86 in file LCD.s
Comment: Busy1 used once
Busy2 00000022

Symbol: Busy2
   Definitions
      At line 99 in file LCD.s
   Uses
      At line 106 in file LCD.s
Comment: Busy2 used once
TNF_loop 0000003A

Symbol: TNF_loop
   Definitions
      At line 124 in file LCD.s
   Uses
      At line 131 in file LCD.s
Comment: TNF_loop used once
writecommand 00000000

Symbol: writecommand
   Definitions
      At line 61 in file LCD.s
   Uses
      At line 32 in file LCD.s
Comment: writecommand used once
writedata 00000038

Symbol: writedata
   Definitions
      At line 116 in file LCD.s
   Uses
      At line 33 in file LCD.s
Comment: writedata used once
6 symbols



ARM Macro Assembler    Page 1 Alphabetic symbol ordering
Absolute symbols

DC 40004100

Symbol: DC
   Definitions
      At line 23 in file LCD.s
   Uses
      None
Comment: DC unused
DC_COMMAND 00000000

Symbol: DC_COMMAND
   Definitions
      At line 24 in file LCD.s
   Uses
      None
Comment: DC_COMMAND unused
DC_DATA 00000040

Symbol: DC_DATA
   Definitions
      At line 25 in file LCD.s
   Uses
      None
Comment: DC_DATA unused
GPIO_PORTA_DATA_R 400043FC

Symbol: GPIO_PORTA_DATA_R
   Definitions
      At line 22 in file LCD.s
   Uses
      At line 89 in file LCD.s
      At line 135 in file LCD.s

SSI0_DR_R 40008008

Symbol: SSI0_DR_R
   Definitions
      At line 26 in file LCD.s
   Uses
      At line 95 in file LCD.s
      At line 141 in file LCD.s

SSI0_SR_R 4000800C

Symbol: SSI0_SR_R
   Definitions
      At line 27 in file LCD.s
   Uses
      At line 72 in file LCD.s
      At line 100 in file LCD.s
      At line 125 in file LCD.s

SSI_SR_BSY 00000010

Symbol: SSI_SR_BSY
   Definitions
      At line 29 in file LCD.s
   Uses
      At line 77 in file LCD.s



ARM Macro Assembler    Page 2 Alphabetic symbol ordering
Absolute symbols

      At line 103 in file LCD.s

SSI_SR_RNE 00000004

Symbol: SSI_SR_RNE
   Definitions
      At line 28 in file LCD.s
   Uses
      None
Comment: SSI_SR_RNE unused
SSI_SR_TNF 00000002

Symbol: SSI_SR_TNF
   Definitions
      At line 30 in file LCD.s
   Uses
      At line 128 in file LCD.s
Comment: SSI_SR_TNF used once
9 symbols
347 symbols in table
